::1 - - [24/Nov/2020:06:55:16 +0000] "GET /users/rampam/4 HTTP/1.1" 200 25 "-" "PostmanRuntime/7.26.5"
::1 - - [24/Nov/2020:07:02:50 +0000] "GET /users/kc/44 HTTP/1.1" 200 22 "-" "PostmanRuntime/7.26.5"
::1 - - [24/Nov/2020:07:04:15 +0000] "GET /users/kc HTTP/1.1" 404 1132 "-" "PostmanRuntime/7.26.5"
::1 - - [24/Nov/2020:07:05:11 +0000] "GET /users/kc HTTP/1.1" 404 1132 "-" "PostmanRuntime/7.26.5"
::1 - - [24/Nov/2020:07:06:23 +0000] "GET /kc HTTP/1.1" 404 1132 "-" "Mozilla/5.0 (Windows NT 10.0; Win64; x64) AppleWebKit/537.36 (KHTML, like Gecko) Chrome/87.0.4280.66 Safari/537.36"
::1 - - [24/Nov/2020:07:06:23 +0000] "GET /stylesheets/style.css HTTP/1.1" 304 - "http://localhost:4444/kc" "Mozilla/5.0 (Windows NT 10.0; Win64; x64) AppleWebKit/537.36 (KHTML, like Gecko) Chrome/87.0.4280.66 Safari/537.36"
::1 - - [24/Nov/2020:07:06:48 +0000] "GET /users/kc HTTP/1.1" 404 147 "-" "PostmanRuntime/7.26.5"
::1 - - [24/Nov/2020:07:07:16 +0000] "GET /users/kc HTTP/1.1" 404 147 "-" "PostmanRuntime/7.26.5"
::1 - - [24/Nov/2020:09:59:10 +0000] "GET /users/series HTTP/1.1" 500 2024 "-" "PostmanRuntime/7.26.5"
::1 - - [24/Nov/2020:10:00:56 +0000] "GET /users/series HTTP/1.1" 500 2024 "-" "PostmanRuntime/7.26.5"
::1 - - [24/Nov/2020:10:01:24 +0000] "GET /users/series HTTP/1.1" 500 2023 "-" "PostmanRuntime/7.26.5"
::1 - - [24/Nov/2020:10:02:23 +0000] "GET /users/series HTTP/1.1" 500 2023 "-" "PostmanRuntime/7.26.5"
::1 - - [24/Nov/2020:10:04:09 +0000] "GET /users/series HTTP/1.1" 500 1986 "-" "PostmanRuntime/7.26.5"
::1 - - [24/Nov/2020:10:04:41 +0000] "GET /users/series HTTP/1.1" 500 2013 "-" "PostmanRuntime/7.26.5"
::1 - - [24/Nov/2020:10:05:29 +0000] "GET /users/series HTTP/1.1" 500 1986 "-" "PostmanRuntime/7.26.5"
::1 - - [24/Nov/2020:10:05:48 +0000] "GET /users/series HTTP/1.1" 500 2023 "-" "PostmanRuntime/7.26.5"
::1 - - [24/Nov/2020:10:07:30 +0000] "GET /users/series HTTP/1.1" 500 1986 "-" "PostmanRuntime/7.26.5"
::1 - - [24/Nov/2020:10:07:53 +0000] "GET /users/series HTTP/1.1" 200 21 "-" "PostmanRuntime/7.26.5"
::1 - - [24/Nov/2020:10:08:38 +0000] "GET /users/series HTTP/1.1" 200 21 "-" "PostmanRuntime/7.26.5"
::1 - - [24/Nov/2020:11:49:41 +0000] "GET /users/setupdb HTTP/1.1" 200 21 "-" "PostmanRuntime/7.26.8"
::1 - - [24/Nov/2020:11:59:11 +0000] "GET /users/setupdb HTTP/1.1" 200 21 "-" "PostmanRuntime/7.26.8"
::1 - - [24/Nov/2020:12:06:51 +0000] "GET /users/addseries HTTP/1.1" 404 154 "-" "PostmanRuntime/7.26.8"
::1 - - [24/Nov/2020:12:07:10 +0000] "POST /users/addseries HTTP/1.1" 404 155 "-" "PostmanRuntime/7.26.8"
::1 - - [24/Nov/2020:12:08:48 +0000] "POST /users/addseries HTTP/1.1" 200 2 "-" "PostmanRuntime/7.26.8"
::1 - - [24/Nov/2020:12:08:59 +0000] "POST /users/addseries HTTP/1.1" 200 2 "-" "PostmanRuntime/7.26.8"
::1 - - [24/Nov/2020:12:09:12 +0000] "POST /users/addseries HTTP/1.1" 200 2 "-" "PostmanRuntime/7.26.8"
::1 - - [24/Nov/2020:12:11:06 +0000] "POST /users/addseries HTTP/1.1" 200 107 "-" "PostmanRuntime/7.26.8"
::1 - - [24/Nov/2020:12:14:40 +0000] "POST /users/addseries HTTP/1.1" 500 1986 "-" "PostmanRuntime/7.26.8"
::1 - - [24/Nov/2020:12:16:23 +0000] "POST /users/addseries HTTP/1.1" - - "-" "PostmanRuntime/7.26.8"
::1 - - [24/Nov/2020:12:16:33 +0000] "GET /users/setupdb HTTP/1.1" 200 21 "-" "PostmanRuntime/7.26.8"
::1 - - [24/Nov/2020:12:17:29 +0000] "GET /users/setupdb HTTP/1.1" 200 21 "-" "PostmanRuntime/7.26.8"
::1 - - [24/Nov/2020:12:17:31 +0000] "POST /users/addseries HTTP/1.1" 200 21 "-" "PostmanRuntime/7.26.8"
::1 - - [24/Nov/2020:12:18:15 +0000] "POST /users/addseries HTTP/1.1" 200 21 "-" "PostmanRuntime/7.26.8"
::1 - - [24/Nov/2020:12:20:09 +0000] "POST /users/addseries HTTP/1.1" 400 18 "-" "PostmanRuntime/7.26.8"
::1 - - [24/Nov/2020:12:20:26 +0000] "POST /users/addseries HTTP/1.1" 400 558 "-" "PostmanRuntime/7.26.8"
::1 - - [25/Nov/2020:06:52:02 +0000] "GET /users/getseries/Game%20Of%20Thrones HTTP/1.1" 200 42 "-" "PostmanRuntime/7.26.8"
::1 - - [25/Nov/2020:06:52:22 +0000] "GET /users/seriesdetails/Game%20Of%20Thrones HTTP/1.1" 200 46 "-" "PostmanRuntime/7.26.8"
::1 - - [25/Nov/2020:06:53:05 +0000] "GET /users/seriesdetails/Game%20Of%20Thrones HTTP/1.1" 200 21 "-" "PostmanRuntime/7.26.8"
::1 - - [25/Nov/2020:06:53:27 +0000] "GET /users/seriesdetails/Game%20Of%20Thrones HTTP/1.1" 200 156 "-" "PostmanRuntime/7.26.8"
::1 - - [25/Nov/2020:07:11:18 +0000] "GET /users/setupdb HTTP/1.1" 200 21 "-" "PostmanRuntime/7.26.8"
::1 - - [25/Nov/2020:07:12:43 +0000] "POST /users/addseries HTTP/1.1" 500 1972 "-" "PostmanRuntime/7.26.8"
::1 - - [25/Nov/2020:07:13:01 +0000] "POST /users/addseries HTTP/1.1" 200 21 "-" "PostmanRuntime/7.26.8"
::1 - - [25/Nov/2020:07:13:40 +0000] "POST /users/addseries HTTP/1.1" 200 21 "-" "PostmanRuntime/7.26.8"
::1 - - [25/Nov/2020:07:16:34 +0000] "GET /users/seriesdetails/4 HTTP/1.1" 200 143 "-" "PostmanRuntime/7.26.8"
::1 - - [25/Nov/2020:07:21:19 +0000] "POST /users//updateseries/ HTTP/1.1" 404 160 "-" "PostmanRuntime/7.26.8"
::1 - - [25/Nov/2020:07:22:14 +0000] "POST /users//updateseries/5 HTTP/1.1" 200 28 "-" "PostmanRuntime/7.26.8"
::1 - - [25/Nov/2020:07:22:49 +0000] "POST /users//updateseries/5 HTTP/1.1" 200 28 "-" "PostmanRuntime/7.26.8"
::1 - - [25/Nov/2020:07:23:14 +0000] "POST /users//updateseries/5 HTTP/1.1" 400 1110 "-" "PostmanRuntime/7.26.8"
::1 - - [25/Nov/2020:07:23:36 +0000] "POST /users//updateseries/5 HTTP/1.1" 200 28 "-" "PostmanRuntime/7.26.8"
::1 - - [25/Nov/2020:07:24:23 +0000] "POST /users//updateseries/5 HTTP/1.1" 200 28 "-" "PostmanRuntime/7.26.8"
::1 - - [25/Nov/2020:07:24:42 +0000] "POST /users//updateseries/5 HTTP/1.1" 200 28 "-" "PostmanRuntime/7.26.8"
::1 - - [25/Nov/2020:07:24:44 +0000] "POST /users//updateseries/5 HTTP/1.1" 200 28 "-" "PostmanRuntime/7.26.8"
::1 - - [25/Nov/2020:07:24:49 +0000] "POST /users//updateseries/5 HTTP/1.1" 200 28 "-" "PostmanRuntime/7.26.8"
::1 - - [25/Nov/2020:07:25:33 +0000] "POST /users//updateseries/5 HTTP/1.1" 400 1105 "-" "PostmanRuntime/7.26.8"
::1 - - [25/Nov/2020:07:26:11 +0000] "POST /users//updateseries/5 HTTP/1.1" 400 1105 "-" "PostmanRuntime/7.26.8"
::1 - - [25/Nov/2020:07:27:00 +0000] "POST /users//updateseries/5 HTTP/1.1" 200 28 "-" "PostmanRuntime/7.26.8"
::1 - - [25/Nov/2020:07:27:25 +0000] "POST /users//updateseries/5 HTTP/1.1" 200 28 "-" "PostmanRuntime/7.26.8"
::1 - - [25/Nov/2020:07:27:47 +0000] "POST /users//updateseries/5 HTTP/1.1" 200 28 "-" "PostmanRuntime/7.26.8"
::1 - - [25/Nov/2020:07:28:49 +0000] "POST /users//updateseries/5 HTTP/1.1" 200 28 "-" "PostmanRuntime/7.26.8"
::1 - - [25/Nov/2020:07:30:34 +0000] "POST /users//updateseries/5 HTTP/1.1" 200 28 "-" "PostmanRuntime/7.26.8"
::1 - - [25/Nov/2020:07:31:17 +0000] "POST /users//updateseries/5 HTTP/1.1" 200 2 "-" "PostmanRuntime/7.26.8"
::1 - - [25/Nov/2020:07:31:48 +0000] "POST /users//updateseries/5 HTTP/1.1" 200 28 "-" "PostmanRuntime/7.26.8"
::1 - - [25/Nov/2020:07:32:55 +0000] "POST /users//updateseries/5 HTTP/1.1" 200 28 "-" "PostmanRuntime/7.26.8"
::1 - - [25/Nov/2020:07:33:55 +0000] "POST /users//updateseries/5 HTTP/1.1" 200 28 "-" "PostmanRuntime/7.26.8"
::1 - - [25/Nov/2020:07:34:22 +0000] "POST /users//updateseries/5 HTTP/1.1" 200 28 "-" "PostmanRuntime/7.26.8"
::1 - - [25/Nov/2020:07:34:23 +0000] "POST /users//updateseries/5 HTTP/1.1" 200 28 "-" "PostmanRuntime/7.26.8"
::1 - - [25/Nov/2020:07:34:24 +0000] "POST /users//updateseries/5 HTTP/1.1" 200 28 "-" "PostmanRuntime/7.26.8"
::1 - - [25/Nov/2020:07:34:41 +0000] "POST /users/updateseries/5 HTTP/1.1" 200 28 "-" "PostmanRuntime/7.26.8"
::1 - - [25/Nov/2020:07:34:47 +0000] "POST /users/updateseries/5 HTTP/1.1" 200 28 "-" "PostmanRuntime/7.26.8"
::1 - - [25/Nov/2020:07:34:49 +0000] "POST /users/updateseries/5 HTTP/1.1" 200 28 "-" "PostmanRuntime/7.26.8"
::1 - - [25/Nov/2020:07:35:39 +0000] "POST /users/updateseries/5 HTTP/1.1" 200 28 "-" "PostmanRuntime/7.26.8"
::1 - - [25/Nov/2020:07:35:40 +0000] "POST /users/updateseries/5 HTTP/1.1" 200 28 "-" "PostmanRuntime/7.26.8"
::1 - - [25/Nov/2020:07:35:53 +0000] "POST /users/updateseries/5 HTTP/1.1" 200 28 "-" "PostmanRuntime/7.26.8"
::1 - - [25/Nov/2020:07:36:28 +0000] "GET /users/seriesdetails/5 HTTP/1.1" 200 163 "-" "PostmanRuntime/7.26.8"
::1 - - [25/Nov/2020:07:36:38 +0000] "POST /users/updateseries/5 HTTP/1.1" 200 28 "-" "PostmanRuntime/7.26.8"
::1 - - [25/Nov/2020:07:39:13 +0000] "POST /users/updateseries/5 HTTP/1.1" 200 142 "-" "PostmanRuntime/7.26.8"
::1 - - [25/Nov/2020:07:39:46 +0000] "POST /users/updateseries/5 HTTP/1.1" 200 142 "-" "PostmanRuntime/7.26.8"
::1 - - [25/Nov/2020:07:42:44 +0000] "POST /users/updateseries/5 HTTP/1.1" 400 1110 "-" "PostmanRuntime/7.26.8"
::1 - - [25/Nov/2020:07:43:30 +0000] "POST /users/updateseries/5 HTTP/1.1" 400 1110 "-" "PostmanRuntime/7.26.8"
::1 - - [25/Nov/2020:07:43:53 +0000] "POST /users/updateseries/5 HTTP/1.1" 400 1110 "-" "PostmanRuntime/7.26.8"
::1 - - [25/Nov/2020:07:44:27 +0000] "POST /users/updateseries/5 HTTP/1.1" 400 1110 "-" "PostmanRuntime/7.26.8"
::1 - - [25/Nov/2020:07:44:39 +0000] "POST /users/updateseries/5 HTTP/1.1" 400 1105 "-" "PostmanRuntime/7.26.8"
::1 - - [25/Nov/2020:07:45:06 +0000] "POST /users/updateseries/5 HTTP/1.1" 500 1976 "-" "PostmanRuntime/7.26.8"
::1 - - [25/Nov/2020:07:45:26 +0000] "POST /users/updateseries/5 HTTP/1.1" 200 147 "-" "PostmanRuntime/7.26.8"
::1 - - [25/Nov/2020:07:46:39 +0000] "POST /users/updateseries/5 HTTP/1.1" 200 171 "-" "PostmanRuntime/7.26.8"
::1 - - [25/Nov/2020:07:47:44 +0000] "POST /users/updateseries/5 HTTP/1.1" 200 163 "-" "PostmanRuntime/7.26.8"
::1 - - [25/Nov/2020:07:47:52 +0000] "POST /users/updateseries/5 HTTP/1.1" 200 143 "-" "PostmanRuntime/7.26.8"
::1 - - [25/Nov/2020:07:48:17 +0000] "POST /users/updateseries/5 HTTP/1.1" 200 143 "-" "PostmanRuntime/7.26.8"
::1 - - [25/Nov/2020:07:49:54 +0000] "POST /users/updateseries/5 HTTP/1.1" 200 28 "-" "PostmanRuntime/7.26.8"
